生成启动时间为 2016/5/7 18:03:15。
项目“E:\des\DES\DES.vcxproj”在节点 2 上(build 个目标)。
InitializeBuildStatus:
  正在创建“.\Debug\DES.unsuccessfulbuild”，因为已指定“AlwaysCreate”。
ClCompile:
  所有输出均为最新。
  C:\Program Files\Microsoft Visual Studio 10.0\VC\bin\CL.exe /c /ZI /nologo /W3 /WX- /Od /Oy- /D WIN32 /D _DEBUG /D _WINDOWS /D _VC80_UPGRADE=0x0600 /D _MBCS /Gm /EHsc /RTC1 /MTd /GS /Gy- /fp:precise /Zc:wchar_t /Zc:forScope /Yu"stdafx.h" /Fp".\Debug\DES.pch" /Fo".\Debug\\" /Fd".\Debug\vc100.pdb" /Gd /TP /analyze- /errorReport:prompt GAME4.cpp
  GAME4.cpp
ResourceCompile:
  C:\Program Files\Microsoft SDKs\Windows\v7.0A\bin\rc.exe /D _DEBUG /D _VC80_UPGRADE=0x0600 /l"0x0804" /nologo /fo".\Debug\DES.res" DES.rc 
ManifestResourceCompile:
  所有输出均为最新。
Link:
  C:\Program Files\Microsoft Visual Studio 10.0\VC\bin\link.exe /ERRORREPORT:PROMPT /OUT:".\Debug\DES.exe" /INCREMENTAL /NOLOGO /LIBPATH:VFW32.lib VFW32.lib /MANIFEST /ManifestFile:".\Debug\DES.exe.intermediate.manifest" /MANIFESTUAC:"level='asInvoker' uiAccess='false'" /DEBUG /PDB:"E:\des\DES\Debug\DES.pdb" /SUBSYSTEM:WINDOWS /TLBID:1 /DYNAMICBASE /NXCOMPAT /IMPLIB:".\Debug\DES.lib" /MACHINE:X86 .\Debug\DES.res
  .\Debug\DES.exe.embed.manifest.res
  .\Debug\ABOUT.obj
  .\Debug\DES.obj
  .\Debug\DES1.obj
  .\Debug\DES2.obj
  .\Debug\DES3.obj
  .\Debug\DES4.obj
  .\Debug\DES5.obj
  .\Debug\DES6.obj
  .\Debug\DESDlg.obj
  .\Debug\ERR1.obj
  .\Debug\GAME.obj
  .\Debug\GAME1.obj
  .\Debug\GAME2.obj
  .\Debug\GAME3.obj
  .\Debug\GAME4.obj
  .\Debug\LEARN.obj
  .\Debug\ORRECT.obj
  .\Debug\RESULT.obj
  .\Debug\StdAfx.obj
  .\Debug\TEST.obj
  .\Debug\TEST1.obj
  .\Debug\TEST2.obj
  .\Debug\WRONG.obj
Manifest:
  C:\Program Files\Microsoft SDKs\Windows\v7.0A\bin\mt.exe /nologo /verbose /out:".\Debug\DES.exe.embed.manifest" /manifest .\Debug\DES.exe.intermediate.manifest "C:\Program Files\Microsoft Visual Studio 10.0\VC\Include\Manifest\dpiaware.manifest"
  所有输出均为最新。
LinkEmbedManifest:
  所有输出均为最新。
  DES.vcxproj -> E:\des\DES\.\Debug\DES.exe
FinalizeBuildStatus:
  正在删除文件“.\Debug\DES.unsuccessfulbuild”。
  正在对“.\Debug\DES.lastbuildstate”执行 Touch 任务。
已完成生成项目“E:\des\DES\DES.vcxproj”(build 个目标)的操作。

生成成功。

已用时间 00:00:16.81
