.\Debug\DES.ilk
.\Debug\DES.pdb
C:\USERS\LC\DESKTOP\DES\DES\DEBUG\ABOUT.OBJ
C:\USERS\LC\DESKTOP\DES\DES\DEBUG\DES.EXE
C:\USERS\LC\DESKTOP\DES\DES\DEBUG\DES.EXE.EMBED.MANIFEST
C:\USERS\LC\DESKTOP\DES\DES\DEBUG\DES.EXE.EMBED.MANIFEST.RES
C:\USERS\LC\DESKTOP\DES\DES\DEBUG\DES.EXE.INTERMEDIATE.MANIFEST
C:\USERS\LC\DESKTOP\DES\DES\DEBUG\DES.ILK
C:\USERS\LC\DESKTOP\DES\DES\DEBUG\DES.OBJ
C:\USERS\LC\DESKTOP\DES\DES\DEBUG\DES.PCH
C:\USERS\LC\DESKTOP\DES\DES\DEBUG\DES.PDB
C:\USERS\LC\DESKTOP\DES\DES\DEBUG\DES.RES
C:\USERS\LC\DESKTOP\DES\DES\DEBUG\DES1.OBJ
C:\USERS\LC\DESKTOP\DES\DES\DEBUG\DES2.OBJ
C:\USERS\LC\DESKTOP\DES\DES\DEBUG\DES3.OBJ
C:\USERS\LC\DESKTOP\DES\DES\DEBUG\DES4.OBJ
C:\USERS\LC\DESKTOP\DES\DES\DEBUG\DES5.OBJ
C:\USERS\LC\DESKTOP\DES\DES\DEBUG\DES6.OBJ
C:\USERS\LC\DESKTOP\DES\DES\DEBUG\DESDLG.OBJ
C:\USERS\LC\DESKTOP\DES\DES\DEBUG\GAME.OBJ
C:\USERS\LC\DESKTOP\DES\DES\DEBUG\GAME1.OBJ
C:\USERS\LC\DESKTOP\DES\DES\DEBUG\GAME2.OBJ
C:\USERS\LC\DESKTOP\DES\DES\DEBUG\GAME3.OBJ
C:\USERS\LC\DESKTOP\DES\DES\DEBUG\GAME4.OBJ
C:\USERS\LC\DESKTOP\DES\DES\DEBUG\LEARN.OBJ
C:\USERS\LC\DESKTOP\DES\DES\DEBUG\RESULT.OBJ
C:\USERS\LC\DESKTOP\DES\DES\DEBUG\STDAFX.OBJ
C:\USERS\LC\DESKTOP\DES\DES\DEBUG\TEST.OBJ
C:\USERS\LC\DESKTOP\DES\DES\DEBUG\TEST1.OBJ
C:\USERS\LC\DESKTOP\DES\DES\DEBUG\TEST2.OBJ
C:\USERS\LC\DESKTOP\DES\DES\DEBUG\VC100.PDB
C:\USERS\LC\DESKTOP\DES\DES\DEBUG\WRONG.OBJ
E:\des\DES\.\Debug\DES.exe
E:\des\DES\.\Debug\DES.exe.intermediate.manifest
E:\des\DES\Debug\ABOUT.obj
E:\des\DES\Debug\cl.command.1.tlog
E:\des\DES\Debug\CL.read.1.tlog
E:\des\DES\Debug\CL.write.1.tlog
E:\des\DES\Debug\DES.exe.embed.manifest
E:\des\DES\Debug\DES.exe.embed.manifest.res
E:\des\DES\Debug\DES.exe.intermediate.manifest
E:\des\DES\Debug\DES.ilk
E:\des\DES\Debug\DES.obj
E:\des\DES\Debug\DES.pch
E:\des\DES\Debug\DES.pdb
E:\des\DES\Debug\DES.res
E:\des\DES\Debug\DES.vcxprojResolveAssemblyReference.cache
E:\des\DES\Debug\DES.write.1.tlog
E:\des\DES\Debug\DES_manifest.rc
E:\des\DES\Debug\DES1.obj
E:\des\DES\Debug\DES2.obj
E:\des\DES\Debug\DES3.obj
E:\des\DES\Debug\DES4.obj
E:\des\DES\Debug\DES5.obj
E:\des\DES\Debug\DES6.obj
E:\des\DES\Debug\DESDlg.obj
E:\des\DES\Debug\GAME.obj
E:\des\DES\Debug\GAME1.obj
E:\des\DES\Debug\GAME2.obj
E:\des\DES\Debug\GAME3.obj
E:\des\DES\Debug\GAME4.obj
E:\des\DES\Debug\LEARN.obj
E:\des\DES\Debug\link.command.1.tlog
E:\des\DES\Debug\link.read.1.tlog
E:\des\DES\Debug\link.write.1.tlog
E:\des\DES\Debug\link-cvtres.read.1.tlog
E:\des\DES\Debug\link-cvtres.write.1.tlog
E:\des\DES\Debug\mt.command.1.tlog
E:\des\DES\Debug\mt.read.1.tlog
E:\des\DES\Debug\mt.write.1.tlog
E:\des\DES\Debug\rc.command.1.tlog
E:\des\DES\Debug\rc.read.1.tlog
E:\des\DES\Debug\rc.write.1.tlog
E:\des\DES\Debug\RESULT.obj
E:\des\DES\Debug\StdAfx.obj
E:\des\DES\Debug\TEST.obj
E:\des\DES\Debug\TEST1.obj
E:\des\DES\Debug\TEST2.obj
E:\des\DES\Debug\vc100.idb
E:\des\DES\Debug\vc100.pdb
E:\des\DES\Debug\WRONG.obj
